<?xml version="1.0" encoding="UTF-8"?>
<testsuite xmlns:xsi="http://www.w3.org/2001/XMLSchema-instance" xsi:noNamespaceSchemaLocation="https://maven.apache.org/surefire/maven-surefire-plugin/xsd/surefire-test-report.xsd" name="com.examly.springapp.SpringappApplicationTests" time="3.96" tests="15" errors="0" skipped="0" failures="4">
  <properties>
[...]
</properties>
  <testcase name="backend_testGetAllProducts" classname="com.examly.springapp.SpringappApplicationTests" time="0.347">
    <failure message="Status expected:&lt;200&gt; but was:&lt;401&gt;" type="java.lang.AssertionError"><![CDATA[java.lang.AssertionError: Status expected:<200> but was:<401>
	at com.examly.springapp.SpringappApplicationTests.backend_testGetAllProducts(SpringappApplicationTests.java:48)
]]></failure>
    <system-out><![CDATA[11:11:30.467 [main] DEBUG org.springframework.boot.test.context.SpringBootTestContextBootstrapper - Neither @ContextConfiguration nor @ContextHierarchy found for test class [SpringappApplicationTests]: using SpringBootContextLoader
11:11:30.473 [main] DEBUG org.springframework.test.context.support.AbstractContextLoader - Could not detect default resource locations for test class [com.examly.springapp.SpringappApplicationTests]: no resource found for suffixes {-context.xml, Context.groovy}.
11:11:30.516 [main] DEBUG org.springframework.boot.test.context.SpringBootTestContextBootstrapper - Using ContextCustomizers for test class [SpringappApplicationTests]: [ImportsContextCustomizer, ExcludeFilterContextCustomizer, DuplicateJsonObjectContextCustomizer, MockitoContextCustomizer, TestRestTemplateContextCustomizer, DisableObservabilityContextCustomizer, PropertyMappingContextCustomizer, Customizer]
11:11:30.627 [main] DEBUG org.springframework.boot.test.context.SpringBootTestContextBootstrapper - Using TestExecutionListeners for test class [SpringappApplicationTests]: [ServletTestExecutionListener, DirtiesContextBeforeModesTestExecutionListener, ApplicationEventsTestExecutionListener, MockitoTestExecutionListener, DependencyInjectionTestExecutionListener, DirtiesContextTestExecutionListener, TransactionalTestExecutionListener, SqlScriptsTestExecutionListener, EventPublishingTestExecutionListener, WithSecurityContextTestExecutionListener, ReactorContextTestExecutionListener, ResetMocksTestExecutionListener, RestDocsTestExecutionListener, MockRestServiceServerResetTestExecutionListener, MockMvcPrintOnlyOnFailureTestExecutionListener, WebDriverTestExecutionListener, MockWebServiceServerTestExecutionListener]
11:11:30.628 [main] DEBUG org.springframework.test.context.support.AbstractDirtiesContextTestExecutionListener - Before test class: class [SpringappApplicationTests], class annotated with @DirtiesContext [false] with mode [null]

  .   ____          _            __ _ _
 /\\ / ___'_ __ _ _(_)_ __  __ _ \ \ \ \
( ( )\___ | '_ | '_| | '_ \/ _` | \ \ \ \
 \\/  ___)| |_)| | | | | || (_| |  ) ) ) )
  '  |____| .__|_| |_|_| |_\__, | / / / /
 =========|_|==============|___/=/_/_/_/
 :: Spring Boot ::                (v3.0.1)

2025-07-10T11:11:30.913Z  INFO 36317 --- [           main] c.e.springapp.SpringappApplicationTests  : Starting SpringappApplicationTests using Java 17.0.15 with PID 36317 (started by coder in /home/coder/project/workspace/springapp)
2025-07-10T11:11:30.915Z  INFO 36317 --- [           main] c.e.springapp.SpringappApplicationTests  : No active profile set, falling back to 1 default profile: "default"
2025-07-10T11:11:31.605Z  INFO 36317 --- [           main] .s.d.r.c.RepositoryConfigurationDelegate : Bootstrapping Spring Data JPA repositories in DEFAULT mode.
2025-07-10T11:11:31.632Z  INFO 36317 --- [           main] .s.d.r.c.RepositoryConfigurationDelegate : Finished Spring Data repository scanning in 17 ms. Found 0 JPA repository interfaces.
2025-07-10T11:11:31.997Z  INFO 36317 --- [           main] trationDelegate$BeanPostProcessorChecker : Bean 'org.springframework.ws.config.annotation.DelegatingWsConfiguration' of type [org.springframework.ws.config.annotation.DelegatingWsConfiguration$$SpringCGLIB$$0] is not eligible for getting processed by all BeanPostProcessors (for example: not eligible for auto-proxying)
2025-07-10T11:11:32.041Z  INFO 36317 --- [           main] .w.s.a.s.AnnotationActionEndpointMapping : Supporting [WS-Addressing August 2004, WS-Addressing 1.0]
2025-07-10T11:11:32.245Z  INFO 36317 --- [           main] o.hibernate.jpa.internal.util.LogHelper  : HHH000204: Processing PersistenceUnitInfo [name: default]
2025-07-10T11:11:32.290Z  INFO 36317 --- [           main] org.hibernate.Version                    : HHH000412: Hibernate ORM core version 6.1.6.Final
2025-07-10T11:11:32.443Z  WARN 36317 --- [           main] org.hibernate.orm.deprecation            : HHH90000021: Encountered deprecated setting [javax.persistence.sharedCache.mode], use [jakarta.persistence.sharedCache.mode] instead
2025-07-10T11:11:32.556Z  INFO 36317 --- [           main] com.zaxxer.hikari.HikariDataSource       : HikariPool-1 - Starting...
2025-07-10T11:11:32.746Z  INFO 36317 --- [           main] com.zaxxer.hikari.pool.HikariPool        : HikariPool-1 - Added connection com.mysql.cj.jdbc.ConnectionImpl@21d9cd04
2025-07-10T11:11:32.748Z  INFO 36317 --- [           main] com.zaxxer.hikari.HikariDataSource       : HikariPool-1 - Start completed.
2025-07-10T11:11:32.765Z  INFO 36317 --- [           main] SQL dialect                              : HHH000400: Using dialect: org.hibernate.dialect.MySQL8Dialect
2025-07-10T11:11:32.766Z  WARN 36317 --- [           main] org.hibernate.orm.deprecation            : HHH90000026: MySQL8Dialect has been deprecated; use org.hibernate.dialect.MySQLDialect instead
2025-07-10T11:11:33.008Z  INFO 36317 --- [           main] o.h.e.t.j.p.i.JtaPlatformInitiator       : HHH000490: Using JtaPlatform implementation: [org.hibernate.engine.transaction.jta.platform.internal.NoJtaPlatform]
2025-07-10T11:11:33.020Z  INFO 36317 --- [           main] j.LocalContainerEntityManagerFactoryBean : Initialized JPA EntityManagerFactory for persistence unit 'default'
2025-07-10T11:11:33.179Z  WARN 36317 --- [           main] JpaBaseConfiguration$JpaWebConfiguration : spring.jpa.open-in-view is enabled by default. Therefore, database queries may be performed during view rendering. Explicitly configure spring.jpa.open-in-view to disable this warning
2025-07-10T11:11:33.611Z  WARN 36317 --- [           main] .s.s.UserDetailsServiceAutoConfiguration : 

Using generated security password: 9cb28325-95fc-4716-b73b-9107b240ed65

This generated password is for development use only. Your security configuration must be updated before running your application in production.

2025-07-10T11:11:33.754Z  INFO 36317 --- [           main] o.s.s.web.DefaultSecurityFilterChain     : Will secure any request with [org.springframework.security.web.session.DisableEncodeUrlFilter@24010875, org.springframework.security.web.context.request.async.WebAsyncManagerIntegrationFilter@7a021f49, org.springframework.security.web.context.SecurityContextHolderFilter@72168258, org.springframework.security.web.header.HeaderWriterFilter@13d5606c, org.springframework.security.web.csrf.CsrfFilter@6528d339, org.springframework.security.web.authentication.logout.LogoutFilter@3292eff7, org.springframework.security.web.authentication.UsernamePasswordAuthenticationFilter@7e0883f3, org.springframework.security.web.authentication.ui.DefaultLoginPageGeneratingFilter@322ab6ce, org.springframework.security.web.authentication.ui.DefaultLogoutPageGeneratingFilter@e60c5a, org.springframework.security.web.authentication.www.BasicAuthenticationFilter@2c2e5e72, org.springframework.security.web.savedrequest.RequestCacheAwareFilter@b5ff70b, org.springframework.security.web.servletapi.SecurityContextHolderAwareRequestFilter@6d7bb5cc, org.springframework.security.web.authentication.AnonymousAuthenticationFilter@626df173, org.springframework.security.web.access.ExceptionTranslationFilter@6dcee890, org.springframework.security.web.access.intercept.AuthorizationFilter@48860139]
2025-07-10T11:11:33.833Z  INFO 36317 --- [           main] o.s.b.t.m.w.SpringBootMockServletContext : Initializing Spring TestDispatcherServlet ''
2025-07-10T11:11:33.833Z  INFO 36317 --- [           main] o.s.t.web.servlet.TestDispatcherServlet  : Initializing Servlet ''
2025-07-10T11:11:33.836Z  INFO 36317 --- [           main] o.s.t.web.servlet.TestDispatcherServlet  : Completed initialization in 2 ms
2025-07-10T11:11:33.859Z  INFO 36317 --- [           main] c.e.springapp.SpringappApplicationTests  : Started SpringappApplicationTests in 3.194 seconds (process running for 4.013)

MockHttpServletRequest:
      HTTP Method = GET
      Request URI = /api/products
       Parameters = {}
          Headers = [Content-Type:"application/json;charset=UTF-8"]
             Body = null
    Session Attrs = {SPRING_SECURITY_SAVED_REQUEST=DefaultSavedRequest [http://localhost/api/products?continue]}

Handler:
             Type = null

Async:
    Async started = false
     Async result = null

Resolved Exception:
             Type = null

ModelAndView:
        View name = null
             View = null
            Model = null

FlashMap:
       Attributes = null

MockHttpServletResponse:
           Status = 401
    Error message = Unauthorized
          Headers = [WWW-Authenticate:"Basic realm="Realm"", X-Content-Type-Options:"nosniff", X-XSS-Protection:"0", Cache-Control:"no-cache, no-store, max-age=0, must-revalidate", Pragma:"no-cache", Expires:"0", X-Frame-Options:"DENY"]
     Content type = null
             Body = 
    Forwarded URL = null
   Redirected URL = null
          Cookies = []
]]></system-out>
  </testcase>
  <testcase name="backend_testGetAllReviews" classname="com.examly.springapp.SpringappApplicationTests" time="0.009">
    <failure message="Status expected:&lt;200&gt; but was:&lt;401&gt;" type="java.lang.AssertionError"><![CDATA[java.lang.AssertionError: Status expected:<200> but was:<401>
	at com.examly.springapp.SpringappApplicationTests.backend_testGetAllReviews(SpringappApplicationTests.java:62)
]]></failure>
    <system-out><![CDATA[
MockHttpServletRequest:
      HTTP Method = GET
      Request URI = /api/reviews
       Parameters = {}
          Headers = [Content-Type:"application/json;charset=UTF-8"]
             Body = null
    Session Attrs = {SPRING_SECURITY_SAVED_REQUEST=DefaultSavedRequest [http://localhost/api/reviews?continue]}

Handler:
             Type = null

Async:
    Async started = false
     Async result = null

Resolved Exception:
             Type = null

ModelAndView:
        View name = null
             View = null
            Model = null

FlashMap:
       Attributes = null

MockHttpServletResponse:
           Status = 401
    Error message = Unauthorized
          Headers = [WWW-Authenticate:"Basic realm="Realm"", X-Content-Type-Options:"nosniff", X-XSS-Protection:"0", Cache-Control:"no-cache, no-store, max-age=0, must-revalidate", Pragma:"no-cache", Expires:"0", X-Frame-Options:"DENY"]
     Content type = null
             Body = 
    Forwarded URL = null
   Redirected URL = null
          Cookies = []
]]></system-out>
  </testcase>
  <testcase name="backend_testProductInterfaceAndImplementation" classname="com.examly.springapp.SpringappApplicationTests" time="0.007"/>
  <testcase name="backend_testProductModelClassExists" classname="com.examly.springapp.SpringappApplicationTests" time="0.004"/>
  <testcase name="backend_testAuthControllerClassExists" classname="com.examly.springapp.SpringappApplicationTests" time="0"/>
  <testcase name="backend_testProductControllerClassExists" classname="com.examly.springapp.SpringappApplicationTests" time="0.002"/>
  <testcase name="backend_testUserModelClassExists" classname="com.examly.springapp.SpringappApplicationTests" time="0.004"/>
  <testcase name="backend_testReviewControllerClassExists" classname="com.examly.springapp.SpringappApplicationTests" time="0.003"/>
  <testcase name="backend_testOrderInterfaceAndImplementation" classname="com.examly.springapp.SpringappApplicationTests" time="0.003"/>
  <testcase name="backend_testOrderModelClassExists" classname="com.examly.springapp.SpringappApplicationTests" time="0.003"/>
  <testcase name="backend_testOrderHasManyToOneAnnotation" classname="com.examly.springapp.SpringappApplicationTests" time="0.004">
    <failure message="No field with @ManyToOne annotation found in Order class." type="org.opentest4j.AssertionFailedError">org.opentest4j.AssertionFailedError: No field with @ManyToOne annotation found in Order class.
	at com.examly.springapp.SpringappApplicationTests.backend_testOrderHasManyToOneAnnotation(SpringappApplicationTests.java:120)
</failure>
  </testcase>
  <testcase name="backend_testOrderItemModelClassExists" classname="com.examly.springapp.SpringappApplicationTests" time="0.002"/>
  <testcase name="backend_testReviewHasManyToOneAnnotation" classname="com.examly.springapp.SpringappApplicationTests" time="0.003">
    <failure message="No field with @ManyToOne annotation found in Review class." type="org.opentest4j.AssertionFailedError">org.opentest4j.AssertionFailedError: No field with @ManyToOne annotation found in Review class.
	at com.examly.springapp.SpringappApplicationTests.backend_testReviewHasManyToOneAnnotation(SpringappApplicationTests.java:90)
</failure>
  </testcase>
  <testcase name="backend_testOrderControllerClassExists" classname="com.examly.springapp.SpringappApplicationTests" time="0.003"/>
  <testcase name="backend_testReviewModelClassExists" classname="com.examly.springapp.SpringappApplicationTests" time="0.002"/>
</testsuite>